<?xml version="1.0" encoding="UTF-8"?>
<!-- Generated by org.testng.reporters.JUnitReportReporter -->
<testsuite hostname="ATMECSINDT-066" failures="0" tests="1" name="com.atmecs.qa.testscripts.InsightsTest" time="8.681" errors="0" timestamp="06 Aug 2019 08:39:50 GMT" skipped="0">
  <testcase classname="com.atmecs.qa.testscripts.InsightsTest" name="testInsights" time="8.681"/>
</testsuite> <!-- com.atmecs.qa.testscripts.InsightsTest -->
