<?xml version="1.0" encoding="UTF-8"?>
<!-- Generated by org.testng.reporters.JUnitReportReporter -->
<testsuite hostname="ATMECSINDT-066" failures="0" tests="1" name="com.atmecs.qa.base.TestBase" time="12.059" errors="0" timestamp="30 Jul 2019 07:32:58 GMT" skipped="0">
  <testcase classname="com.atmecs.qa.base.TestBase" name="initailization" time="12.059"/>
</testsuite> <!-- com.atmecs.qa.base.TestBase -->
