<?xml version="1.0" encoding="UTF-8"?>
<!-- Generated by org.testng.reporters.JUnitReportReporter -->
<testsuite hostname="ATMECSINDT-066" failures="0" tests="1" name="com.atmecs.qa.testscripts.CaseStudiesTest" time="13.861" errors="0" timestamp="06 Aug 2019 07:40:09 GMT" skipped="0">
  <testcase classname="com.atmecs.qa.testscripts.CaseStudiesTest" name="testCaseStudies" time="13.861"/>
</testsuite> <!-- com.atmecs.qa.testscripts.CaseStudiesTest -->
