<?xml version="1.0" encoding="UTF-8"?>
<!-- Generated by org.testng.reporters.JUnitReportReporter -->
<testsuite hostname="ATMECSINDT-066" failures="0" tests="1" name="com.atmecs.qa.testscripts.Demo" time="12.965" errors="0" timestamp="01 Aug 2019 12:43:55 GMT" skipped="0">
  <testcase classname="com.atmecs.qa.testscripts.Demo" name="test" time="12.965"/>
</testsuite> <!-- com.atmecs.qa.testscripts.Demo -->
