<?xml version="1.0" encoding="UTF-8"?>
<!-- Generated by org.testng.reporters.JUnitReportReporter -->
<testsuite hostname="ATMECSINDT-066" failures="0" tests="1" name="com.atmecs.qa.utility.DemoClass" time="8.717" errors="0" timestamp="30 Jul 2019 10:42:25 GMT" skipped="0">
  <testcase classname="com.atmecs.qa.utility.DemoClass" name="test" time="8.717"/>
</testsuite> <!-- com.atmecs.qa.utility.DemoClass -->
