<?xml version="1.0" encoding="UTF-8"?>
<!-- Generated by org.testng.reporters.JUnitReportReporter -->
<testsuite hostname="ATMECSINDT-066" failures="0" tests="1" name="com.atmecs.qa.helper.Demo" time="16.593" errors="0" timestamp="05 Aug 2019 07:01:57 GMT" skipped="0">
  <testcase classname="com.atmecs.qa.helper.Demo" name="test" time="16.593"/>
</testsuite> <!-- com.atmecs.qa.helper.Demo -->
